yarn run v1.22.22
warning ../../../package.json: No license field
$ npm run build:prod && electron-builder --mac

> gram-fiyat@1.0.0 build:prod
> ng build --configuration production --base-href ./

- Building...

Browser bundles        
Initial chunk files     | Names               |  Raw size | Estimated transfer size
main-DVQCKXC6.js        | main                | 775.86 kB |               203.85 kB
polyfills-FFHMD2TL.js   | polyfills           |  33.71 kB |                11.02 kB
styles-AQBJQJ2V.css     | styles              |   3.91 kB |                 1.13 kB

                        | Initial total       | 813.48 kB |               216.00 kB


Server bundles         
Initial chunk files     | Names               |  Raw size
server.mjs              | server              |   1.53 MB |                        
chunk-J4DIOUCC.mjs      | -                   | 567.44 kB |                        
chunk-KHLNS46V.mjs      | -                   | 522.95 kB |                        
polyfills.server.mjs    | polyfills.server    | 262.30 kB |                        
chunk-VVCT4QZE.mjs      | -                   |   2.48 kB |                        
render-utils.server.mjs | render-utils.server |   1.44 kB |                        
main.server.mjs         | main.server         | 149 bytes |                        

Lazy chunk files        | Names               |  Raw size
chunk-QZP2S7SI.mjs      | xhr2                |  11.79 kB |                        

Prerendered 6 static routes.
Output location: /Users/gizemesmer/Desktop/personal/fiyathesaplama/dist/fiyat-hesaplama

Application bundle generation complete. [9.309 seconds]

▲ [WARNING] bundle initial exceeded maximum budget. Budget 500.00 kB was not met by 313.48 kB with a total of 813.48 kB.


▲ [WARNING] src/app/components/calculation/calculation.component.scss exceeded maximum budget. Budget 2.00 kB was not met by 1.63 kB with a total of 3.63 kB.


▲ [WARNING] src/app/components/admin/gold-price-management/gold-price-management.component.scss exceeded maximum budget. Budget 2.00 kB was not met by 1020 bytes with a total of 3.00 kB.


Error: Cannot find module '@electron/rebuild/lib/src/search-module'
Require stack:
- /Users/gizemesmer/Desktop/personal/fiyathesaplama/node_modules/app-builder-lib/out/util/yarn.js
- /Users/gizemesmer/Desktop/personal/fiyathesaplama/node_modules/app-builder-lib/out/packager.js
- /Users/gizemesmer/Desktop/personal/fiyathesaplama/node_modules/app-builder-lib/out/index.js
- /Users/gizemesmer/Desktop/personal/fiyathesaplama/node_modules/electron-builder/out/builder.js
- /Users/gizemesmer/Desktop/personal/fiyathesaplama/node_modules/electron-builder/out/cli/cli.js
- /Users/gizemesmer/Desktop/personal/fiyathesaplama/node_modules/electron-builder/cli.js
    at Function.Module._resolveFilename (node:internal/modules/cjs/loader:1075:15)
    at Function.Module._load (node:internal/modules/cjs/loader:920:27)
    at Module.require (node:internal/modules/cjs/loader:1141:19)
    at require (node:internal/modules/cjs/helpers:110:18)
    at Object.<anonymous> (/Users/gizemesmer/Desktop/personal/fiyathesaplama/node_modules/app-builder-lib/src/util/yarn.ts:10:1)
    at Module._compile (node:internal/modules/cjs/loader:1254:14)
    at Object.Module._extensions..js (node:internal/modules/cjs/loader:1308:10)
    at Module.load (node:internal/modules/cjs/loader:1117:32)
    at Function.Module._load (node:internal/modules/cjs/loader:958:12)
    at Module.require (node:internal/modules/cjs/loader:1141:19)
    at require (node:internal/modules/cjs/helpers:110:18)
    at Object.<anonymous> (/Users/gizemesmer/Desktop/personal/fiyathesaplama/node_modules/app-builder-lib/src/packager.ts:27:1)
    at Module._compile (node:internal/modules/cjs/loader:1254:14)
    at Object.Module._extensions..js (node:internal/modules/cjs/loader:1308:10)
    at Module.load (node:internal/modules/cjs/loader:1117:32)
    at Function.Module._load (node:internal/modules/cjs/loader:958:12)
error Command failed with exit code 1.
info Visit https://yarnpkg.com/en/docs/cli/run for documentation about this command.
